--- Startup times for process: Primary (or UI client) ---

times in msec
 clock   self+sourced   self:  sourced script
 clock   elapsed:              other lines

000.001  000.001: --- NVIM STARTING ---
000.078  000.077: event init
000.133  000.055: early init
000.171  000.037: locale set
000.198  000.028: init first window
000.430  000.232: inits 1
000.435  000.005: window checked
000.437  000.002: parsing arguments
000.756  000.027  000.027: require('vim.shared')
000.816  000.025  000.025: require('vim.inspect')
000.847  000.025  000.025: require('vim._options')
000.849  000.091  000.040: require('vim._editor')
000.850  000.138  000.021: require('vim._init_packages')
000.851  000.276: init lua interpreter
002.650  001.799: nvim_ui_attach
002.829  000.179: nvim_set_client_info
002.830  000.001: --- NVIM STARTED ---

--- Startup times for process: Embedded ---

times in msec
 clock   self+sourced   self:  sourced script
 clock   elapsed:              other lines

000.001  000.001: --- NVIM STARTING ---
000.075  000.074: event init
000.128  000.053: early init
000.168  000.039: locale set
000.195  000.028: init first window
000.420  000.225: inits 1
000.429  000.009: window checked
000.431  000.002: parsing arguments
000.788  000.029  000.029: require('vim.shared')
000.859  000.025  000.025: require('vim.inspect')
000.890  000.024  000.024: require('vim._options')
000.892  000.102  000.053: require('vim._editor')
000.893  000.151  000.020: require('vim._init_packages')
000.894  000.312: init lua interpreter
000.939  000.045: expanding arguments
000.952  000.013: inits 2
001.143  000.191: init highlight
001.144  000.001: waiting for UI
001.230  000.086: done waiting for UI
001.232  000.003: clear screen
001.323  000.011  000.011: require('vim.keymap')
001.841  000.092  000.092: sourcing nvim_exec2()
001.933  000.698  000.596: require('vim._defaults')
001.934  000.003: init default mappings & autocommands
002.220  000.033  000.033: sourcing /home/yurihbm/.local/nvim-linux-x86_64/share/nvim/runtime/ftplugin.vim
002.258  000.017  000.017: sourcing /home/yurihbm/.local/nvim-linux-x86_64/share/nvim/runtime/indent.vim
003.181  000.016  000.016: require('vim.fs')
003.199  000.152  000.136: require('vim.lsp.log')
003.931  000.730  000.730: require('vim.lsp.protocol')
004.868  000.934  000.934: require('vim.lsp.util')
005.197  000.142  000.142: require('vim.lsp.sync')
005.201  000.330  000.188: require('vim.lsp._changetracking')
005.546  000.092  000.092: require('vim.lsp._transport')
005.559  000.357  000.265: require('vim.lsp.rpc')
005.587  003.214  000.710: require('vim.lsp')
005.622  003.319  000.106: require('config.general')
006.343  000.004  000.004: require('vim.F')
006.351  000.613  000.609: require('vim.lsp.buf')
007.349  000.895  000.895: require('vim.diagnostic')
007.535  001.912  000.404: require('config.keymaps')
007.902  000.299  000.299: require('lazy')
007.922  000.012  000.012: require('ffi')
008.003  000.065  000.065: require('vim.uri')
008.012  000.088  000.023: require('vim.loader')
008.089  000.066  000.066: require('lazy.stats')
008.168  000.064  000.064: require('lazy.core.util')
008.298  000.129  000.129: require('lazy.core.config')
008.390  000.039  000.039: require('lazy.core.handler')
008.562  000.079  000.079: require('lazy.pkg')
008.566  000.121  000.042: require('lazy.core.meta')
008.572  000.181  000.060: require('lazy.core.plugin')
008.578  000.279  000.058: require('lazy.core.loader')
008.815  000.064  000.064: require('lazy.core.fragments')
010.010  000.052  000.052: require('lazy.core.handler.cmd')
010.191  000.176  000.176: require('lazy.core.handler.keys')
010.422  000.139  000.139: require('lazy.core.handler.event')
010.424  000.231  000.091: require('lazy.core.handler.ft')
010.523  000.004  000.004: sourcing nvim_exec2() called at /home/yurihbm/.config/nvim/init.lua:0
010.540  000.001  000.001: sourcing nvim_exec2() called at /home/yurihbm/.config/nvim/init.lua:0
010.587  000.001  000.001: sourcing nvim_exec2() called at /home/yurihbm/.config/nvim/init.lua:0
010.593  000.001  000.001: sourcing nvim_exec2() called at /home/yurihbm/.config/nvim/init.lua:0
010.612  000.001  000.001: sourcing nvim_exec2() called at /home/yurihbm/.config/nvim/init.lua:0
010.617  000.001  000.001: sourcing nvim_exec2() called at /home/yurihbm/.config/nvim/init.lua:0
010.693  000.002  000.002: sourcing nvim_exec2() called at /home/yurihbm/.config/nvim/init.lua:0
010.701  000.001  000.001: sourcing nvim_exec2() called at /home/yurihbm/.config/nvim/init.lua:0
010.709  000.001  000.001: sourcing nvim_exec2() called at /home/yurihbm/.config/nvim/init.lua:0
010.714  000.001  000.001: sourcing nvim_exec2() called at /home/yurihbm/.config/nvim/init.lua:0
011.112  000.072  000.072: sourcing nvim_exec2() called at /home/yurihbm/.local/nvim-linux-x86_64/share/nvim/runtime/filetype.lua:0
011.114  000.114  000.042: sourcing /home/yurihbm/.local/nvim-linux-x86_64/share/nvim/runtime/filetype.lua
011.116  000.136  000.021: sourcing nvim_exec2() called at /home/yurihbm/.config/nvim/init.lua:0
011.273  000.002  000.002: sourcing nvim_exec2() called at /home/yurihbm/.config/nvim/init.lua:0
011.279  000.001  000.001: sourcing nvim_exec2() called at /home/yurihbm/.config/nvim/init.lua:0
011.892  000.594  000.594: require('mini.icons')
012.122  000.056  000.056: require('snacks')
012.124  000.101  000.045: sourcing /home/yurihbm/.local/share/nvim/lazy/snacks.nvim/plugin/snacks.lua
012.126  000.118  000.017: sourcing nvim_exec2() called at /home/yurihbm/.config/nvim/init.lua:0
012.131  000.002  000.002: sourcing nvim_exec2() called at /home/yurihbm/.config/nvim/init.lua:0
012.136  000.001  000.001: sourcing nvim_exec2() called at /home/yurihbm/.config/nvim/init.lua:0
012.264  000.002  000.002: sourcing nvim_exec2() called at /home/yurihbm/.config/nvim/init.lua:0
012.269  000.001  000.001: sourcing nvim_exec2() called at /home/yurihbm/.config/nvim/init.lua:0
012.514  000.053  000.053: require('lualine_require')
012.730  000.430  000.377: require('lualine')
012.859  000.009  000.009: sourcing nvim_exec2() called at /home/yurihbm/.config/nvim/init.lua:0
013.241  000.117  000.117: require('lualine.highlight')
013.544  000.007  000.007: sourcing nvim_exec2() called at /home/yurihbm/.config/nvim/init.lua:0
014.042  000.006  000.006: sourcing nvim_exec2() called at /home/yurihbm/.config/nvim/init.lua:0
014.095  000.011  000.011: sourcing nvim_exec2() called at /home/yurihbm/.config/nvim/init.lua:0
014.141  000.003  000.003: sourcing nvim_exec2() called at /home/yurihbm/.config/nvim/init.lua:0
014.162  000.002  000.002: sourcing nvim_exec2() called at /home/yurihbm/.config/nvim/init.lua:0
014.184  000.003  000.003: sourcing nvim_exec2() called at /home/yurihbm/.config/nvim/init.lua:0
014.211  000.002  000.002: sourcing nvim_exec2() called at /home/yurihbm/.config/nvim/init.lua:0
014.238  000.002  000.002: sourcing nvim_exec2() called at /home/yurihbm/.config/nvim/init.lua:0
014.271  000.002  000.002: sourcing nvim_exec2() called at /home/yurihbm/.config/nvim/init.lua:0
014.291  000.002  000.002: sourcing nvim_exec2() called at /home/yurihbm/.config/nvim/init.lua:0
014.311  000.002  000.002: sourcing nvim_exec2() called at /home/yurihbm/.config/nvim/init.lua:0
014.332  000.002  000.002: sourcing nvim_exec2() called at /home/yurihbm/.config/nvim/init.lua:0
014.356  000.002  000.002: sourcing nvim_exec2() called at /home/yurihbm/.config/nvim/init.lua:0
014.376  000.002  000.002: sourcing nvim_exec2() called at /home/yurihbm/.config/nvim/init.lua:0
014.395  000.002  000.002: sourcing nvim_exec2() called at /home/yurihbm/.config/nvim/init.lua:0
014.416  000.004  000.004: sourcing nvim_exec2() called at /home/yurihbm/.config/nvim/init.lua:0
014.443  000.001  000.001: sourcing nvim_exec2() called at /home/yurihbm/.config/nvim/init.lua:0
014.465  000.002  000.002: sourcing nvim_exec2() called at /home/yurihbm/.config/nvim/init.lua:0
014.483  000.001  000.001: sourcing nvim_exec2() called at /home/yurihbm/.config/nvim/init.lua:0
014.513  000.002  000.002: sourcing nvim_exec2() called at /home/yurihbm/.config/nvim/init.lua:0
014.533  000.002  000.002: sourcing nvim_exec2() called at /home/yurihbm/.config/nvim/init.lua:0
014.555  000.002  000.002: sourcing nvim_exec2() called at /home/yurihbm/.config/nvim/init.lua:0
014.569  000.011  000.011: sourcing nvim_exec2() called at /home/yurihbm/.config/nvim/init.lua:0
015.188  000.054  000.054: require('lualine.utils.mode')
015.427  000.029  000.029: sourcing nvim_exec2() called at /home/yurihbm/.config/nvim/init.lua:0
015.437  000.005  000.005: sourcing nvim_exec2() called at /home/yurihbm/.config/nvim/init.lua:0
015.661  000.007  000.007: sourcing nvim_exec2() called at /home/yurihbm/.config/nvim/init.lua:0
015.684  000.002  000.002: sourcing nvim_exec2() called at /home/yurihbm/.config/nvim/init.lua:0
015.707  000.003  000.003: sourcing nvim_exec2() called at /home/yurihbm/.config/nvim/init.lua:0
015.731  000.003  000.003: sourcing nvim_exec2() called at /home/yurihbm/.config/nvim/init.lua:0
015.786  000.003  000.003: sourcing nvim_exec2() called at /home/yurihbm/.config/nvim/init.lua:0
015.805  000.002  000.002: sourcing nvim_exec2() called at /home/yurihbm/.config/nvim/init.lua:0
015.825  000.002  000.002: sourcing nvim_exec2() called at /home/yurihbm/.config/nvim/init.lua:0
015.852  000.003  000.003: sourcing nvim_exec2() called at /home/yurihbm/.config/nvim/init.lua:0
015.872  000.003  000.003: sourcing nvim_exec2() called at /home/yurihbm/.config/nvim/init.lua:0
015.902  000.002  000.002: sourcing nvim_exec2() called at /home/yurihbm/.config/nvim/init.lua:0
015.923  000.002  000.002: sourcing nvim_exec2() called at /home/yurihbm/.config/nvim/init.lua:0
015.944  000.001  000.001: sourcing nvim_exec2() called at /home/yurihbm/.config/nvim/init.lua:0
015.965  000.002  000.002: sourcing nvim_exec2() called at /home/yurihbm/.config/nvim/init.lua:0
015.994  000.002  000.002: sourcing nvim_exec2() called at /home/yurihbm/.config/nvim/init.lua:0
016.016  000.002  000.002: sourcing nvim_exec2() called at /home/yurihbm/.config/nvim/init.lua:0
016.034  000.001  000.001: sourcing nvim_exec2() called at /home/yurihbm/.config/nvim/init.lua:0
016.050  000.001  000.001: sourcing nvim_exec2() called at /home/yurihbm/.config/nvim/init.lua:0
016.067  000.001  000.001: sourcing nvim_exec2() called at /home/yurihbm/.config/nvim/init.lua:0
016.089  000.002  000.002: sourcing nvim_exec2() called at /home/yurihbm/.config/nvim/init.lua:0
016.106  000.002  000.002: sourcing nvim_exec2() called at /home/yurihbm/.config/nvim/init.lua:0
016.123  000.002  000.002: sourcing nvim_exec2() called at /home/yurihbm/.config/nvim/init.lua:0
016.235  000.007  000.007: sourcing nvim_exec2() called at /home/yurihbm/.config/nvim/init.lua:0
016.240  000.001  000.001: sourcing nvim_exec2() called at /home/yurihbm/.config/nvim/init.lua:0
016.243  000.001  000.001: sourcing nvim_exec2() called at /home/yurihbm/.config/nvim/init.lua:0
016.248  000.003  000.003: sourcing nvim_exec2() called at /home/yurihbm/.config/nvim/init.lua:0
016.583  000.004  000.004: sourcing nvim_exec2() called at /home/yurihbm/.config/nvim/init.lua:0
016.601  000.002  000.002: sourcing nvim_exec2() called at /home/yurihbm/.config/nvim/init.lua:0
016.621  000.002  000.002: sourcing nvim_exec2() called at /home/yurihbm/.config/nvim/init.lua:0
016.646  000.010  000.010: sourcing nvim_exec2() called at /home/yurihbm/.config/nvim/init.lua:0
016.667  000.002  000.002: sourcing nvim_exec2() called at /home/yurihbm/.config/nvim/init.lua:0
016.685  000.002  000.002: sourcing nvim_exec2() called at /home/yurihbm/.config/nvim/init.lua:0
016.701  000.002  000.002: sourcing nvim_exec2() called at /home/yurihbm/.config/nvim/init.lua:0
016.739  000.003  000.003: sourcing nvim_exec2() called at /home/yurihbm/.config/nvim/init.lua:0
016.758  000.002  000.002: sourcing nvim_exec2() called at /home/yurihbm/.config/nvim/init.lua:0
016.775  000.002  000.002: sourcing nvim_exec2() called at /home/yurihbm/.config/nvim/init.lua:0
016.792  000.002  000.002: sourcing nvim_exec2() called at /home/yurihbm/.config/nvim/init.lua:0
016.835  000.027  000.027: sourcing nvim_exec2() called at /home/yurihbm/.config/nvim/init.lua:0
016.851  000.002  000.002: sourcing nvim_exec2() called at /home/yurihbm/.config/nvim/init.lua:0
016.869  000.002  000.002: sourcing nvim_exec2() called at /home/yurihbm/.config/nvim/init.lua:0
016.888  000.002  000.002: sourcing nvim_exec2() called at /home/yurihbm/.config/nvim/init.lua:0
016.906  000.002  000.002: sourcing nvim_exec2() called at /home/yurihbm/.config/nvim/init.lua:0
016.925  000.002  000.002: sourcing nvim_exec2() called at /home/yurihbm/.config/nvim/init.lua:0
016.942  000.001  000.001: sourcing nvim_exec2() called at /home/yurihbm/.config/nvim/init.lua:0
016.957  000.001  000.001: sourcing nvim_exec2() called at /home/yurihbm/.config/nvim/init.lua:0
016.974  000.001  000.001: sourcing nvim_exec2() called at /home/yurihbm/.config/nvim/init.lua:0
016.991  000.002  000.002: sourcing nvim_exec2() called at /home/yurihbm/.config/nvim/init.lua:0
017.012  000.002  000.002: sourcing nvim_exec2() called at /home/yurihbm/.config/nvim/init.lua:0
017.031  000.001  000.001: sourcing nvim_exec2() called at /home/yurihbm/.config/nvim/init.lua:0
017.048  000.001  000.001: sourcing nvim_exec2() called at /home/yurihbm/.config/nvim/init.lua:0
017.065  000.001  000.001: sourcing nvim_exec2() called at /home/yurihbm/.config/nvim/init.lua:0
017.081  000.001  000.001: sourcing nvim_exec2() called at /home/yurihbm/.config/nvim/init.lua:0
017.098  000.002  000.002: sourcing nvim_exec2() called at /home/yurihbm/.config/nvim/init.lua:0
017.115  000.002  000.002: sourcing nvim_exec2() called at /home/yurihbm/.config/nvim/init.lua:0
018.489  000.066  000.066: require('nvim-treesitter.utils')
018.923  000.025  000.025: require('vim.treesitter.language')
018.943  000.017  000.017: require('vim.func')
018.966  000.020  000.020: require('vim.func._memoize')
019.016  000.208  000.146: require('vim.treesitter.query')
019.043  000.026  000.026: require('vim.treesitter._range')
019.053  000.305  000.071: require('vim.treesitter.languagetree')
019.057  000.348  000.043: require('vim.treesitter')
019.430  000.937  000.589: require('nvim-treesitter.parsers')
019.554  000.021  000.021: require('nvim-treesitter.compat')
019.629  000.052  000.052: require('nvim-treesitter.ts_utils')
019.633  000.077  000.025: require('nvim-treesitter.tsrange')
019.668  000.034  000.034: require('nvim-treesitter.caching')
019.859  000.353  000.221: require('nvim-treesitter.query')
019.870  000.402  000.049: require('nvim-treesitter.configs')
019.872  000.440  000.038: require('nvim-treesitter.info')
019.913  000.040  000.040: require('nvim-treesitter.shell_command_selectors')
019.929  001.705  000.223: require('nvim-treesitter.install')
019.977  000.047  000.047: require('nvim-treesitter.statusline')
020.006  000.027  000.027: require('nvim-treesitter.query_predicates')
020.007  002.149  000.369: require('nvim-treesitter')
020.055  000.044  000.044: require('vim.iter')
020.460  002.676  000.483: sourcing /home/yurihbm/.local/share/nvim/lazy/nvim-treesitter/plugin/nvim-treesitter.lua
020.464  002.697  000.021: sourcing nvim_exec2() called at /home/yurihbm/.config/nvim/init.lua:0
020.471  000.002  000.002: sourcing nvim_exec2() called at /home/yurihbm/.config/nvim/init.lua:0
020.478  000.001  000.001: sourcing nvim_exec2() called at /home/yurihbm/.config/nvim/init.lua:0
021.230  000.047  000.047: require('nvim-treesitter.indent')
021.330  000.029  000.029: require('nvim-treesitter.highlight')
021.363  000.003  000.003: sourcing nvim_exec2() called at /home/yurihbm/.config/nvim/init.lua:0
021.369  000.001  000.001: sourcing nvim_exec2() called at /home/yurihbm/.config/nvim/init.lua:0
021.593  000.022  000.022: require('mason-core.path')
021.692  000.022  000.022: require('mason-core.functional.data')
021.722  000.028  000.028: require('mason-core.functional.function')
021.764  000.039  000.039: require('mason-core.functional.list')
021.802  000.033  000.033: require('mason-core.functional.relation')
021.826  000.022  000.022: require('mason-core.functional.logic')
021.853  000.025  000.025: require('mason-core.functional.number')
021.905  000.046  000.046: require('mason-core.functional.string')
021.936  000.029  000.029: require('mason-core.functional.table')
021.961  000.023  000.023: require('mason-core.functional.type')
021.964  000.335  000.067: require('mason-core.functional')
021.992  000.397  000.062: require('mason-core.platform')
022.077  000.085  000.085: require('mason.settings')
022.082  000.551  000.047: require('mason-core.installer.InstallLocation')
022.252  000.085  000.085: require('mason-core.log')
022.254  000.130  000.046: require('mason-core.EventEmitter')
022.304  000.049  000.049: require('mason-registry.sources')
022.313  000.229  000.050: require('mason-registry')
022.314  000.879  000.099: require('mason')
022.645  000.099  000.099: require('mason.api.command')
022.737  000.003  000.003: sourcing nvim_exec2() called at /home/yurihbm/.config/nvim/init.lua:0
022.743  000.001  000.001: sourcing nvim_exec2() called at /home/yurihbm/.config/nvim/init.lua:0
023.498  000.147  000.147: require('oxocarbon.colorutils')
024.072  000.912  000.765: require('oxocarbon')
024.075  000.948  000.036: sourcing /home/yurihbm/.local/share/nvim/lazy/oxocarbon.nvim/colors/oxocarbon.lua
024.210  000.009  000.009: sourcing nvim_exec2() called at ColorScheme Autocommands for "*":0
024.426  000.003  000.003: sourcing nvim_exec2() called at ColorScheme Autocommands for "*":0
024.430  000.001  000.001: sourcing nvim_exec2() called at ColorScheme Autocommands for "*":0
024.433  000.001  000.001: sourcing nvim_exec2() called at ColorScheme Autocommands for "*":0
024.435  000.001  000.001: sourcing nvim_exec2() called at ColorScheme Autocommands for "*":0
024.437  000.001  000.001: sourcing nvim_exec2() called at ColorScheme Autocommands for "*":0
024.439  000.001  000.001: sourcing nvim_exec2() called at ColorScheme Autocommands for "*":0
024.440  000.001  000.001: sourcing nvim_exec2() called at ColorScheme Autocommands for "*":0
024.443  000.001  000.001: sourcing nvim_exec2() called at ColorScheme Autocommands for "*":0
024.445  000.001  000.001: sourcing nvim_exec2() called at ColorScheme Autocommands for "*":0
024.446  000.001  000.001: sourcing nvim_exec2() called at ColorScheme Autocommands for "*":0
024.448  000.001  000.001: sourcing nvim_exec2() called at ColorScheme Autocommands for "*":0
024.463  000.001  000.001: sourcing nvim_exec2() called at ColorScheme Autocommands for "*":0
024.466  000.001  000.001: sourcing nvim_exec2() called at ColorScheme Autocommands for "*":0
024.481  000.001  000.001: sourcing nvim_exec2() called at ColorScheme Autocommands for "*":0
024.484  000.001  000.001: sourcing nvim_exec2() called at ColorScheme Autocommands for "*":0
024.486  000.001  000.001: sourcing nvim_exec2() called at ColorScheme Autocommands for "*":0
024.488  000.001  000.001: sourcing nvim_exec2() called at ColorScheme Autocommands for "*":0
024.490  000.001  000.001: sourcing nvim_exec2() called at ColorScheme Autocommands for "*":0
024.491  000.001  000.001: sourcing nvim_exec2() called at ColorScheme Autocommands for "*":0
024.494  000.001  000.001: sourcing nvim_exec2() called at ColorScheme Autocommands for "*":0
024.496  000.001  000.001: sourcing nvim_exec2() called at ColorScheme Autocommands for "*":0
024.498  000.001  000.001: sourcing nvim_exec2() called at ColorScheme Autocommands for "*":0
024.500  000.001  000.001: sourcing nvim_exec2() called at ColorScheme Autocommands for "*":0
024.502  000.001  000.001: sourcing nvim_exec2() called at ColorScheme Autocommands for "*":0
024.504  000.001  000.001: sourcing nvim_exec2() called at ColorScheme Autocommands for "*":0
024.505  000.001  000.001: sourcing nvim_exec2() called at ColorScheme Autocommands for "*":0
024.507  000.001  000.001: sourcing nvim_exec2() called at ColorScheme Autocommands for "*":0
024.509  000.001  000.001: sourcing nvim_exec2() called at ColorScheme Autocommands for "*":0
024.510  000.001  000.001: sourcing nvim_exec2() called at ColorScheme Autocommands for "*":0
024.512  000.001  000.001: sourcing nvim_exec2() called at ColorScheme Autocommands for "*":0
024.514  000.001  000.001: sourcing nvim_exec2() called at ColorScheme Autocommands for "*":0
024.516  000.001  000.001: sourcing nvim_exec2() called at ColorScheme Autocommands for "*":0
024.518  000.001  000.001: sourcing nvim_exec2() called at ColorScheme Autocommands for "*":0
024.519  000.001  000.001: sourcing nvim_exec2() called at ColorScheme Autocommands for "*":0
024.521  000.001  000.001: sourcing nvim_exec2() called at ColorScheme Autocommands for "*":0
024.523  000.001  000.001: sourcing nvim_exec2() called at ColorScheme Autocommands for "*":0
024.525  000.001  000.001: sourcing nvim_exec2() called at ColorScheme Autocommands for "*":0
024.527  000.001  000.001: sourcing nvim_exec2() called at ColorScheme Autocommands for "*":0
024.529  000.001  000.001: sourcing nvim_exec2() called at ColorScheme Autocommands for "*":0
024.531  000.001  000.001: sourcing nvim_exec2() called at ColorScheme Autocommands for "*":0
024.533  000.001  000.001: sourcing nvim_exec2() called at ColorScheme Autocommands for "*":0
024.535  000.001  000.001: sourcing nvim_exec2() called at ColorScheme Autocommands for "*":0
024.536  000.001  000.001: sourcing nvim_exec2() called at ColorScheme Autocommands for "*":0
024.538  000.001  000.001: sourcing nvim_exec2() called at ColorScheme Autocommands for "*":0
024.540  000.001  000.001: sourcing nvim_exec2() called at ColorScheme Autocommands for "*":0
024.542  000.001  000.001: sourcing nvim_exec2() called at ColorScheme Autocommands for "*":0
024.544  000.001  000.001: sourcing nvim_exec2() called at ColorScheme Autocommands for "*":0
024.546  000.001  000.001: sourcing nvim_exec2() called at ColorScheme Autocommands for "*":0
024.548  000.001  000.001: sourcing nvim_exec2() called at ColorScheme Autocommands for "*":0
024.549  000.001  000.001: sourcing nvim_exec2() called at ColorScheme Autocommands for "*":0
024.551  000.001  000.001: sourcing nvim_exec2() called at ColorScheme Autocommands for "*":0
024.553  000.001  000.001: sourcing nvim_exec2() called at ColorScheme Autocommands for "*":0
024.555  000.001  000.001: sourcing nvim_exec2() called at ColorScheme Autocommands for "*":0
024.557  000.001  000.001: sourcing nvim_exec2() called at ColorScheme Autocommands for "*":0
024.558  000.001  000.001: sourcing nvim_exec2() called at ColorScheme Autocommands for "*":0
024.560  000.001  000.001: sourcing nvim_exec2() called at ColorScheme Autocommands for "*":0
024.563  000.001  000.001: sourcing nvim_exec2() called at ColorScheme Autocommands for "*":0
024.565  000.001  000.001: sourcing nvim_exec2() called at ColorScheme Autocommands for "*":0
024.566  000.001  000.001: sourcing nvim_exec2() called at ColorScheme Autocommands for "*":0
024.568  000.001  000.001: sourcing nvim_exec2() called at ColorScheme Autocommands for "*":0
024.570  000.001  000.001: sourcing nvim_exec2() called at ColorScheme Autocommands for "*":0
024.571  000.001  000.001: sourcing nvim_exec2() called at ColorScheme Autocommands for "*":0
024.573  000.001  000.001: sourcing nvim_exec2() called at ColorScheme Autocommands for "*":0
024.575  000.001  000.001: sourcing nvim_exec2() called at ColorScheme Autocommands for "*":0
024.577  000.001  000.001: sourcing nvim_exec2() called at ColorScheme Autocommands for "*":0
024.578  000.001  000.001: sourcing nvim_exec2() called at ColorScheme Autocommands for "*":0
024.580  000.001  000.001: sourcing nvim_exec2() called at ColorScheme Autocommands for "*":0
024.582  000.001  000.001: sourcing nvim_exec2() called at ColorScheme Autocommands for "*":0
024.584  000.001  000.001: sourcing nvim_exec2() called at ColorScheme Autocommands for "*":0
024.586  000.001  000.001: sourcing nvim_exec2() called at ColorScheme Autocommands for "*":0
024.587  000.001  000.001: sourcing nvim_exec2() called at ColorScheme Autocommands for "*":0
024.624  000.004  000.004: sourcing nvim_exec2() called at ColorScheme Autocommands for "*":0
024.634  000.002  000.002: sourcing nvim_exec2() called at ColorScheme Autocommands for "*":0
024.649  000.002  000.002: sourcing nvim_exec2() called at ColorScheme Autocommands for "*":0
024.663  000.001  000.001: sourcing nvim_exec2() called at ColorScheme Autocommands for "*":0
024.670  000.001  000.001: sourcing nvim_exec2() called at ColorScheme Autocommands for "*":0
024.674  000.001  000.001: sourcing nvim_exec2() called at ColorScheme Autocommands for "*":0
024.679  000.001  000.001: sourcing nvim_exec2() called at ColorScheme Autocommands for "*":0
024.687  000.001  000.001: sourcing nvim_exec2() called at ColorScheme Autocommands for "*":0
024.692  000.002  000.002: sourcing nvim_exec2() called at ColorScheme Autocommands for "*":0
024.712  000.015  000.015: sourcing nvim_exec2() called at ColorScheme Autocommands for "*":0
024.812  000.002  000.002: sourcing nvim_exec2() called at ColorScheme Autocommands for "*":0
024.822  000.002  000.002: sourcing nvim_exec2() called at ColorScheme Autocommands for "*":0
024.842  000.002  000.002: sourcing nvim_exec2() called at ColorScheme Autocommands for "*":0
024.847  000.001  000.001: sourcing nvim_exec2() called at ColorScheme Autocommands for "*":0
024.852  000.002  000.002: sourcing nvim_exec2() called at ColorScheme Autocommands for "*":0
024.858  000.001  000.001: sourcing nvim_exec2() called at ColorScheme Autocommands for "*":0
024.862  000.001  000.001: sourcing nvim_exec2() called at ColorScheme Autocommands for "*":0
024.867  000.001  000.001: sourcing nvim_exec2() called at ColorScheme Autocommands for "*":0
024.876  000.007  000.007: sourcing nvim_exec2() called at ColorScheme Autocommands for "*":0
024.925  000.003  000.003: sourcing nvim_exec2() called at ColorScheme Autocommands for "*":0
024.930  000.002  000.002: sourcing nvim_exec2() called at ColorScheme Autocommands for "*":0
025.010  000.003  000.003: sourcing nvim_exec2() called at ColorScheme Autocommands for "*":0
025.017  000.001  000.001: sourcing nvim_exec2() called at ColorScheme Autocommands for "*":0
025.022  000.001  000.001: sourcing nvim_exec2() called at ColorScheme Autocommands for "*":0
025.029  000.001  000.001: sourcing nvim_exec2() called at ColorScheme Autocommands for "*":0
025.033  000.001  000.001: sourcing nvim_exec2() called at ColorScheme Autocommands for "*":0
025.038  000.001  000.001: sourcing nvim_exec2() called at ColorScheme Autocommands for "*":0
025.043  000.001  000.001: sourcing nvim_exec2() called at ColorScheme Autocommands for "*":0
025.049  000.002  000.002: sourcing nvim_exec2() called at ColorScheme Autocommands for "*":0
025.055  000.001  000.001: sourcing nvim_exec2() called at ColorScheme Autocommands for "*":0
025.059  000.001  000.001: sourcing nvim_exec2() called at ColorScheme Autocommands for "*":0
025.077  000.001  000.001: sourcing nvim_exec2() called at ColorScheme Autocommands for "*":0
025.095  000.001  000.001: sourcing nvim_exec2() called at ColorScheme Autocommands for "*":0
025.109  000.001  000.001: sourcing nvim_exec2() called at ColorScheme Autocommands for "*":0
025.124  000.002  000.002: sourcing nvim_exec2() called at ColorScheme Autocommands for "*":0
025.147  000.002  000.002: sourcing nvim_exec2() called at ColorScheme Autocommands for "*":0
025.174  000.002  000.002: sourcing nvim_exec2() called at ColorScheme Autocommands for "*":0
025.179  000.001  000.001: sourcing nvim_exec2() called at ColorScheme Autocommands for "*":0
025.185  000.001  000.001: sourcing nvim_exec2() called at ColorScheme Autocommands for "*":0
025.190  000.001  000.001: sourcing nvim_exec2() called at ColorScheme Autocommands for "*":0
025.195  000.001  000.001: sourcing nvim_exec2() called at ColorScheme Autocommands for "*":0
025.200  000.001  000.001: sourcing nvim_exec2() called at ColorScheme Autocommands for "*":0
025.208  000.004  000.004: sourcing nvim_exec2() called at ColorScheme Autocommands for "*":0
025.212  000.001  000.001: sourcing nvim_exec2() called at ColorScheme Autocommands for "*":0
025.215  000.001  000.001: sourcing nvim_exec2() called at ColorScheme Autocommands for "*":0
025.218  000.002  000.002: sourcing nvim_exec2() called at ColorScheme Autocommands for "*":0
025.263  000.002  000.002: sourcing nvim_exec2() called at ColorScheme Autocommands for "*":0
025.269  000.001  000.001: sourcing nvim_exec2() called at ColorScheme Autocommands for "*":0
025.273  000.001  000.001: sourcing nvim_exec2() called at ColorScheme Autocommands for "*":0
025.278  000.001  000.001: sourcing nvim_exec2() called at ColorScheme Autocommands for "*":0
025.282  000.001  000.001: sourcing nvim_exec2() called at ColorScheme Autocommands for "*":0
025.288  000.001  000.001: sourcing nvim_exec2() called at ColorScheme Autocommands for "*":0
025.293  000.001  000.001: sourcing nvim_exec2() called at ColorScheme Autocommands for "*":0
025.300  000.002  000.002: sourcing nvim_exec2() called at ColorScheme Autocommands for "*":0
025.305  000.001  000.001: sourcing nvim_exec2() called at ColorScheme Autocommands for "*":0
025.310  000.001  000.001: sourcing nvim_exec2() called at ColorScheme Autocommands for "*":0
025.315  000.001  000.001: sourcing nvim_exec2() called at ColorScheme Autocommands for "*":0
025.319  000.001  000.001: sourcing nvim_exec2() called at ColorScheme Autocommands for "*":0
025.326  000.001  000.001: sourcing nvim_exec2() called at ColorScheme Autocommands for "*":0
025.330  000.001  000.001: sourcing nvim_exec2() called at ColorScheme Autocommands for "*":0
025.339  000.001  000.001: sourcing nvim_exec2() called at ColorScheme Autocommands for "*":0
025.344  000.001  000.001: sourcing nvim_exec2() called at ColorScheme Autocommands for "*":0
025.348  000.001  000.001: sourcing nvim_exec2() called at ColorScheme Autocommands for "*":0
025.353  000.001  000.001: sourcing nvim_exec2() called at ColorScheme Autocommands for "*":0
025.359  000.001  000.001: sourcing nvim_exec2() called at ColorScheme Autocommands for "*":0
025.363  000.001  000.001: sourcing nvim_exec2() called at ColorScheme Autocommands for "*":0
025.368  000.001  000.001: sourcing nvim_exec2() called at ColorScheme Autocommands for "*":0
025.373  000.001  000.001: sourcing nvim_exec2() called at ColorScheme Autocommands for "*":0
025.377  000.001  000.001: sourcing nvim_exec2() called at ColorScheme Autocommands for "*":0
025.381  000.001  000.001: sourcing nvim_exec2() called at ColorScheme Autocommands for "*":0
025.391  000.001  000.001: sourcing nvim_exec2() called at ColorScheme Autocommands for "*":0
025.396  000.001  000.001: sourcing nvim_exec2() called at ColorScheme Autocommands for "*":0
025.481  000.002  000.002: sourcing nvim_exec2() called at ColorScheme Autocommands for "*":0
025.487  000.001  000.001: sourcing nvim_exec2() called at ColorScheme Autocommands for "*":0
025.665  002.879  001.743: sourcing nvim_exec2() called at /home/yurihbm/.config/nvim/init.lua:0
025.711  000.002  000.002: sourcing nvim_exec2() called at /home/yurihbm/.config/nvim/init.lua:0
025.718  000.001  000.001: sourcing nvim_exec2() called at /home/yurihbm/.config/nvim/init.lua:0
025.873  000.041  000.041: sourcing /home/yurihbm/.local/nvim-linux-x86_64/share/nvim/runtime/plugin/editorconfig.lua
025.876  000.060  000.019: sourcing nvim_exec2() called at /home/yurihbm/.config/nvim/init.lua:0
026.003  000.101  000.101: sourcing /home/yurihbm/.local/nvim-linux-x86_64/share/nvim/runtime/plugin/gzip.vim
026.005  000.116  000.015: sourcing nvim_exec2() called at /home/yurihbm/.config/nvim/init.lua:0
026.077  000.042  000.042: sourcing /home/yurihbm/.local/nvim-linux-x86_64/share/nvim/runtime/plugin/man.lua
026.079  000.056  000.014: sourcing nvim_exec2() called at /home/yurihbm/.config/nvim/init.lua:0
026.329  000.103  000.103: sourcing /home/yurihbm/.local/nvim-linux-x86_64/share/nvim/runtime/pack/dist/opt/matchit/plugin/matchit.vim
026.339  000.243  000.141: sourcing /home/yurihbm/.local/nvim-linux-x86_64/share/nvim/runtime/plugin/matchit.vim
026.340  000.256  000.013: sourcing nvim_exec2() called at /home/yurihbm/.config/nvim/init.lua:0
026.434  000.072  000.072: sourcing /home/yurihbm/.local/nvim-linux-x86_64/share/nvim/runtime/plugin/matchparen.vim
026.436  000.085  000.013: sourcing nvim_exec2() called at /home/yurihbm/.config/nvim/init.lua:0
026.460  000.005  000.005: sourcing /home/yurihbm/.local/nvim-linux-x86_64/share/nvim/runtime/plugin/netrwPlugin.vim
026.462  000.019  000.014: sourcing nvim_exec2() called at /home/yurihbm/.config/nvim/init.lua:0
026.521  000.041  000.041: sourcing /home/yurihbm/.local/nvim-linux-x86_64/share/nvim/runtime/plugin/osc52.lua
026.523  000.053  000.012: sourcing nvim_exec2() called at /home/yurihbm/.config/nvim/init.lua:0
026.623  000.084  000.084: sourcing /home/yurihbm/.local/nvim-linux-x86_64/share/nvim/runtime/plugin/rplugin.vim
026.626  000.097  000.013: sourcing nvim_exec2() called at /home/yurihbm/.config/nvim/init.lua:0
026.709  000.034  000.034: sourcing /home/yurihbm/.local/nvim-linux-x86_64/share/nvim/runtime/plugin/shada.vim
026.711  000.053  000.018: sourcing nvim_exec2() called at /home/yurihbm/.config/nvim/init.lua:0
026.740  000.009  000.009: sourcing /home/yurihbm/.local/nvim-linux-x86_64/share/nvim/runtime/plugin/spellfile.vim
026.753  000.038  000.028: sourcing nvim_exec2() called at /home/yurihbm/.config/nvim/init.lua:0
026.820  000.050  000.050: sourcing /home/yurihbm/.local/nvim-linux-x86_64/share/nvim/runtime/plugin/tarPlugin.vim
026.822  000.066  000.015: sourcing nvim_exec2() called at /home/yurihbm/.config/nvim/init.lua:0
026.889  000.035  000.035: sourcing /home/yurihbm/.local/nvim-linux-x86_64/share/nvim/runtime/plugin/tohtml.lua
026.891  000.065  000.030: sourcing nvim_exec2() called at /home/yurihbm/.config/nvim/init.lua:0
026.919  000.010  000.010: sourcing /home/yurihbm/.local/nvim-linux-x86_64/share/nvim/runtime/plugin/tutor.vim
026.921  000.025  000.015: sourcing nvim_exec2() called at /home/yurihbm/.config/nvim/init.lua:0
027.013  000.078  000.078: sourcing /home/yurihbm/.local/nvim-linux-x86_64/share/nvim/runtime/plugin/zipPlugin.vim
027.015  000.092  000.014: sourcing nvim_exec2() called at /home/yurihbm/.config/nvim/init.lua:0
027.132  019.596  008.686: require('config.lazy')
027.134  024.843  000.016: sourcing /home/yurihbm/.config/nvim/init.lua
027.138  000.311: sourcing vimrc file(s)
027.288  000.033  000.033: sourcing /home/yurihbm/.local/nvim-linux-x86_64/share/nvim/runtime/filetype.lua
027.396  000.037  000.037: sourcing /home/yurihbm/.local/nvim-linux-x86_64/share/nvim/runtime/syntax/synload.vim
027.441  000.124  000.087: sourcing /home/yurihbm/.local/nvim-linux-x86_64/share/nvim/runtime/syntax/syntax.vim
027.448  000.154: inits 3
028.853  001.405: reading ShaDa
028.925  000.073: opening buffers
028.976  000.050: BufEnter autocommands
028.977  000.002: editing files in windows
029.073  000.002  000.002: sourcing nvim_exec2() called at VimEnter Autocommands for "*":0
029.080  000.001  000.001: sourcing nvim_exec2() called at VimEnter Autocommands for "*":0
029.431  000.043  000.043: require('mason-lspconfig.settings')
029.435  000.245  000.201: require('mason-lspconfig')
029.666  000.224  000.224: require('mason-core.async')
029.892  000.142  000.142: require('mason-core.async.control')
030.015  000.121  000.121: require('mason-core.result')
030.270  000.130  000.130: require('mason-core.async.uv')
030.289  000.273  000.143: require('mason-core.fs')
030.316  000.648  000.111: require('mason-registry.installer')
030.644  000.125  000.125: require('mason-core.optional')
030.786  000.066  000.066: require('mason-core.process')
030.817  000.029  000.029: require('mason-core.spawn')
030.820  000.121  000.026: require('mason-core.installer.managers.powershell')
030.839  000.018  000.018: require('mason.version')
030.841  000.195  000.056: require('mason-core.fetch')
030.859  000.018  000.018: require('mason-core.providers')
031.008  000.048  000.048: require('mason-core.purl')
031.013  000.084  000.035: require('mason-core.package.AbstractPackage')
031.147  000.027  000.027: require('mason-core.installer.compiler.expr')
031.152  000.063  000.035: require('mason-core.installer.compiler.link')
031.267  000.020  000.020: require('mason-core.installer.context.InstallContextCwd')
031.290  000.022  000.022: require('mason-core.installer.context.InstallContextFs')
031.310  000.019  000.019: require('mason-core.installer.context.InstallContextSpawn')
031.336  000.025  000.025: require('mason-core.receipt')
031.348  000.128  000.043: require('mason-core.installer.context')
031.349  000.147  000.019: require('mason-core.installer')
031.357  000.183  000.036: require('mason-core.installer.managers.std')
031.358  000.206  000.022: require('mason-core.installer.compiler.schemas')
031.380  000.021  000.021: require('mason-core.installer.compiler.util')
031.385  000.344  000.055: require('mason-core.installer.compiler')
031.411  000.025  000.025: require('mason-core.installer.linker')
031.413  000.399  000.031: require('mason-core.installer.InstallRunner')
031.435  000.021  000.021: require('mason-core.installer.UninstallRunner')
031.439  000.560  000.056: require('mason-core.package')
031.440  000.580  000.020: require('mason-registry.sources.util')
031.445  001.039  000.122: require('mason-registry.sources.github')
035.032  000.019  000.019: require('mason-lspconfig.mappings')
035.034  000.047  000.029: require('mason-lspconfig.features.automatic_enable')
078.071  000.022  000.022: require('mason-lspconfig.notify')
078.095  000.094  000.072: require('mason-lspconfig.api.command')
078.503  000.211  000.211: require('lspconfig.util')
078.545  000.035  000.035: require('vim.version')
079.480  001.254  001.008: sourcing /home/yurihbm/.local/share/nvim/lazy/nvim-lspconfig/plugin/lspconfig.lua
079.486  001.288  000.034: sourcing nvim_exec2() called at VimEnter Autocommands for "*":0
079.497  000.004  000.004: sourcing nvim_exec2() called at VimEnter Autocommands for "*":0
079.506  000.001  000.001: sourcing nvim_exec2() called at VimEnter Autocommands for "*":0
079.538  046.968: VimEnter autocommands
079.804  000.061  000.061: require('snacks.util')
079.835  000.256  000.195: require('snacks.dashboard')
081.537  000.049  000.049: require('vim.ui')
081.546  000.245  000.196: require('snacks.input')
081.619  000.071  000.071: require('snacks.picker')
081.700  000.078  000.078: require('snacks.picker.config')
081.876  000.174  000.174: require('snacks.picker.config.highlights')
081.981  000.104  000.104: require('snacks.picker.config.defaults')
082.145  000.162  000.162: require('snacks.picker.config.sources')
082.198  000.052  000.052: require('snacks.picker.config.layouts')
083.715  000.047  000.047: require('vim.termcap')
083.770  000.012  000.012: require('vim.text')
083.790  003.052: UIEnter autocommands
083.792  000.001: before starting main loop
084.185  000.393: first screen update
084.186  000.001: --- NVIM STARTED ---

